app/build/intermediates/manifest_merge_blame_file/debug/manifest-merger-blame-debug-report.txt
1<?xml version="1.0" encoding="utf-8"?>
2<manifest xmlns:android="http://schemas.android.com/apk/res/android"
3    package="com.example.data_calculator"
4    android:versionCode="1"
5    android:versionName="1.0" >
6
7    <uses-sdk
8        android:minSdkVersion="16"
8-->src/main/AndroidManifest.xml
9        android:targetSdkVersion="30" />
9-->src/main/AndroidManifest.xml
10
11    <application
11-->src/main/AndroidManifest.xml:5:5-32:19
12        android:allowBackup="true"
12-->src/main/AndroidManifest.xml:6:9-35
13        android:appComponentFactory="androidx.core.app.CoreComponentFactory"
13-->[androidx.core:core:1.3.1] AndroidManifest.xml:24:18-86
14        android:debuggable="true"
15        android:icon="@mipmap/ic_launcher"
15-->src/main/AndroidManifest.xml:7:9-43
16        android:label="@string/app_name"
16-->src/main/AndroidManifest.xml:8:9-41
17        android:roundIcon="@mipmap/ic_launcher_round"
17-->src/main/AndroidManifest.xml:9:9-54
18        android:supportsRtl="true"
18-->src/main/AndroidManifest.xml:10:9-35
19        android:testOnly="true"
20        android:theme="@style/Theme.DataCalculator" >
20-->src/main/AndroidManifest.xml:11:9-52
21        <activity
21-->src/main/AndroidManifest.xml:12:9-14:72
22            android:name="com.example.data_calculator.SettingsActivity"
22-->src/main/AndroidManifest.xml:13:13-45
23            android:label="@string/title_activity_settings" />
23-->src/main/AndroidManifest.xml:14:13-60
24        <activity
24-->src/main/AndroidManifest.xml:15:9-23:20
25            android:name="com.example.data_calculator.SplashActivity"
25-->src/main/AndroidManifest.xml:16:13-43
26            android:theme="@style/Theme.DataCalculator.NoActionBar.SplashScreenTheme" >
26-->src/main/AndroidManifest.xml:17:13-86
27            <intent-filter>
27-->src/main/AndroidManifest.xml:18:13-22:29
28                <action android:name="android.intent.action.MAIN" />
28-->src/main/AndroidManifest.xml:19:17-69
28-->src/main/AndroidManifest.xml:19:25-66
29
30                <category android:name="android.intent.category.LAUNCHER" />
30-->src/main/AndroidManifest.xml:21:17-77
30-->src/main/AndroidManifest.xml:21:27-74
31            </intent-filter>
32        </activity>
33        <activity
33-->src/main/AndroidManifest.xml:24:9-31:20
34            android:name="com.example.data_calculator.MainActivity"
34-->src/main/AndroidManifest.xml:25:13-41
35            android:label="@string/app_name"
35-->src/main/AndroidManifest.xml:26:13-45
36            android:theme="@style/Theme.DataCalculator.NoActionBar" >
36-->src/main/AndroidManifest.xml:27:13-68
37            <intent-filter>
37-->src/main/AndroidManifest.xml:28:13-30:29
38                <action android:name="android.intent.action.MAIN" />
38-->src/main/AndroidManifest.xml:19:17-69
38-->src/main/AndroidManifest.xml:19:25-66
39            </intent-filter>
40        </activity>
41    </application>
42
43</manifest>